<?xml version="1.0" encoding="UTF-8"?>
<!-- Generated by org.testng.reporters.JUnitXMLReporter -->
<testsuite ignored="3" hostname="Hariss-MacBook-Pro.local" failures="0" tests="3" name="Grouping Demo" time="0.035" errors="0" timestamp="19 Apr 2018 15:56:51 GMT">
  <testcase classname="com.expedia.TestNG_grouping" name="testAudii" time="0.001"/>
  <testcase classname="com.expedia.TestNG_grouping" name="testBmw" time="0.0"/>
  <testcase classname="com.expedia.TestNG_grouping" name="testMercedes" time="0.0"/>
  <testcase classname="com.expedia.TestNG_grouping" name="testSuzuki" time="0.0">
    <ignored/>
  </testcase> <!-- testSuzuki -->
  <testcase classname="com.expedia.TestNG_grouping" name="testNinja" time="0.0">
    <ignored/>
  </testcase> <!-- testNinja -->
  <testcase classname="com.expedia.TestNG_grouping" name="testDucati" time="0.0">
    <ignored/>
  </testcase> <!-- testDucati -->
</testsuite> <!-- Grouping Demo -->
