<?xml version="1.0" encoding="UTF-8"?>
<testsuite xmlns:xsi="http://www.w3.org/2001/XMLSchema-instance" xsi:noNamespaceSchemaLocation="https://maven.apache.org/surefire/maven-surefire-plugin/xsd/surefire-test-report.xsd" name="TestSuite" time="21.336" tests="4" errors="0" skipped="0" failures="0">
  <properties>
[...]
</properties>
  <testcase name="test" classname="com.expedia.FlightPageTest" time="3.294"/>
  <testcase name="testAudii" classname="com.expedia.TestNG_grouping" time="0"/>
  <testcase name="testBmw" classname="com.expedia.TestNG_grouping" time="0"/>
  <testcase name="testMercedes" classname="com.expedia.TestNG_grouping" time="0.001"/>
</testsuite>